{
  "stats": {
    "suites": 4,
    "tests": 4,
    "passes": 3,
    "pending": 0,
    "failures": 1,
    "testsRegistered": 4,
    "passPercent": 75,
    "pendingPercent": 0,
    "other": 0,
    "hasOther": false,
    "skipped": 0,
    "hasSkipped": false,
    "start": "2025-03-28T11:02:05.795Z",
    "end": "2025-03-28T11:11:34.232Z",
    "duration": 568437
  },
  "results": [
    {
      "uuid": "05112e1c-314a-4737-8465-d14d10d4ee0e",
      "title": "",
      "fullFile": "cypress\\e2e\\step_definitions\\login.feature",
      "file": "cypress\\e2e\\step_definitions\\login.feature",
      "beforeHooks": [],
      "afterHooks": [],
      "tests": [],
      "suites": [
        {
          "uuid": "755b06da-c81c-4621-94e8-515e3b5e09a6",
          "title": "Login e Carrinho",
          "fullFile": "",
          "file": "",
          "beforeHooks": [],
          "afterHooks": [],
          "tests": [
            {
              "title": "Acessar o carrinho após login bem-sucedido",
              "fullTitle": "Login e Carrinho Acessar o carrinho após login bem-sucedido",
              "timedOut": null,
              "duration": 335,
              "state": "failed",
              "speed": null,
              "pass": false,
              "fail": true,
              "pending": false,
              "context": null,
              "code": "const state = window.testState;\nreturn cy\n  .then(() => state.onStartScenario(scenario, indexedSteps))\n  .then(() =>\n    resolveAndRunBeforeHooks.call(this, scenario.tags, state.feature.name)\n  )\n  .then(() =>\n    indexedSteps.forEach((step) =>\n      stepTest.call(this, state, step, rowData)\n    )\n  )\n  .then(() => state.onFinishScenario(scenario));",
              "err": {
                "message": "TypeError: _LoginPage.default.verificarLogo is not a function",
                "estack": "TypeError: _LoginPage.default.verificarLogo is not a function\n    at Context.eval (cypress/e2e/step_definitions/login/login.js:7:12)\n    at Context.resolveAndRunStepDefinition (node_modules/cypress-cucumber-preprocessor/lib/resolveStepDefinition.js:193:0)\n    at Context.eval (node_modules/cypress-cucumber-preprocessor/lib/createTestFromScenario.js:27:0)\n    at getRet (https://www.saucedemo.com/__cypress/runner/cypress_runner.js:119371:20)\n    at tryCatcher (https://www.saucedemo.com/__cypress/runner/cypress_runner.js:1777:23)\n    at Promise.attempt.Promise.try (https://www.saucedemo.com/__cypress/runner/cypress_runner.js:4285:29)\n    at Context.thenFn (https://www.saucedemo.com/__cypress/runner/cypress_runner.js:119382:66)\n    at Context.then (https://www.saucedemo.com/__cypress/runner/cypress_runner.js:119633:21)\n    at wrapped (https://www.saucedemo.com/__cypress/runner/cypress_runner.js:139910:19)",
                "diff": null
              },
              "uuid": "3b31838a-2d49-4f1b-bb51-682acbf6ef58",
              "parentUUID": "755b06da-c81c-4621-94e8-515e3b5e09a6",
              "isHook": false,
              "skipped": false
            }
          ],
          "suites": [],
          "passes": [],
          "failures": [
            "3b31838a-2d49-4f1b-bb51-682acbf6ef58"
          ],
          "pending": [],
          "skipped": [],
          "duration": 335,
          "root": false,
          "rootEmpty": false,
          "_timeout": 2000
        }
      ],
      "passes": [],
      "failures": [],
      "pending": [],
      "skipped": [],
      "duration": 0,
      "root": true,
      "rootEmpty": true,
      "_timeout": 2000
    },
    {
      "uuid": "9b5155bf-dbc3-4f85-a0cb-efd0f9d50c56",
      "title": "",
      "fullFile": "cypress\\e2e\\step_definitions\\checkout.feature",
      "file": "cypress\\e2e\\step_definitions\\checkout.feature",
      "beforeHooks": [],
      "afterHooks": [],
      "tests": [],
      "suites": [
        {
          "uuid": "f575e584-a2b8-4923-8dcc-b902bb379035",
          "title": "Finalizar compra no e-commerce",
          "fullFile": "",
          "file": "",
          "beforeHooks": [],
          "afterHooks": [],
          "tests": [
            {
              "title": "Usuário realiza um checkout completo",
              "fullTitle": "Finalizar compra no e-commerce Usuário realiza um checkout completo",
              "timedOut": null,
              "duration": 3460,
              "state": "passed",
              "speed": "fast",
              "pass": true,
              "fail": false,
              "pending": false,
              "context": null,
              "code": "const state = window.testState;\nreturn cy\n  .then(() => state.onStartScenario(scenario, indexedSteps))\n  .then(() =>\n    resolveAndRunBeforeHooks.call(this, scenario.tags, state.feature.name)\n  )\n  .then(() =>\n    indexedSteps.forEach((step) =>\n      stepTest.call(this, state, step, rowData)\n    )\n  )\n  .then(() => state.onFinishScenario(scenario));",
              "err": {},
              "uuid": "50232267-0030-41fb-b4e6-bceb50d0e329",
              "parentUUID": "f575e584-a2b8-4923-8dcc-b902bb379035",
              "isHook": false,
              "skipped": false
            }
          ],
          "suites": [],
          "passes": [
            "50232267-0030-41fb-b4e6-bceb50d0e329"
          ],
          "failures": [],
          "pending": [],
          "skipped": [],
          "duration": 3460,
          "root": false,
          "rootEmpty": false,
          "_timeout": 2000
        }
      ],
      "passes": [],
      "failures": [],
      "pending": [],
      "skipped": [],
      "duration": 0,
      "root": true,
      "rootEmpty": true,
      "_timeout": 2000
    },
    {
      "uuid": "f4c122b8-c6d8-4a09-8196-1c4f05dd38e1",
      "title": "",
      "fullFile": "cypress\\e2e\\step_definitions\\login.feature",
      "file": "cypress\\e2e\\step_definitions\\login.feature",
      "beforeHooks": [],
      "afterHooks": [],
      "tests": [],
      "suites": [
        {
          "uuid": "e1d59f0b-9296-4f38-b4ba-78490c3976d1",
          "title": "Login e Carrinho",
          "fullFile": "",
          "file": "",
          "beforeHooks": [],
          "afterHooks": [],
          "tests": [
            {
              "title": "Acessar o carrinho após login bem-sucedido",
              "fullTitle": "Login e Carrinho Acessar o carrinho após login bem-sucedido",
              "timedOut": null,
              "duration": 1319,
              "state": "passed",
              "speed": "fast",
              "pass": true,
              "fail": false,
              "pending": false,
              "context": null,
              "code": "const state = window.testState;\nreturn cy\n  .then(() => state.onStartScenario(scenario, indexedSteps))\n  .then(() =>\n    resolveAndRunBeforeHooks.call(this, scenario.tags, state.feature.name)\n  )\n  .then(() =>\n    indexedSteps.forEach((step) =>\n      stepTest.call(this, state, step, rowData)\n    )\n  )\n  .then(() => state.onFinishScenario(scenario));",
              "err": {},
              "uuid": "43f64927-d6fc-43be-bf40-d4083e850bc6",
              "parentUUID": "e1d59f0b-9296-4f38-b4ba-78490c3976d1",
              "isHook": false,
              "skipped": false
            }
          ],
          "suites": [],
          "passes": [
            "43f64927-d6fc-43be-bf40-d4083e850bc6"
          ],
          "failures": [],
          "pending": [],
          "skipped": [],
          "duration": 1319,
          "root": false,
          "rootEmpty": false,
          "_timeout": 2000
        }
      ],
      "passes": [],
      "failures": [],
      "pending": [],
      "skipped": [],
      "duration": 0,
      "root": true,
      "rootEmpty": true,
      "_timeout": 2000
    },
    {
      "uuid": "67929dd7-3ddd-4a43-adae-21cb0571b6d1",
      "title": "",
      "fullFile": "cypress\\e2e\\step_definitions\\checkout.feature",
      "file": "cypress\\e2e\\step_definitions\\checkout.feature",
      "beforeHooks": [],
      "afterHooks": [],
      "tests": [],
      "suites": [
        {
          "uuid": "a72ad3e7-544b-45fe-972c-45e533b747bd",
          "title": "Finalizar compra no e-commerce",
          "fullFile": "",
          "file": "",
          "beforeHooks": [],
          "afterHooks": [],
          "tests": [
            {
              "title": "Usuário realiza um checkout completo",
              "fullTitle": "Finalizar compra no e-commerce Usuário realiza um checkout completo",
              "timedOut": null,
              "duration": 3937,
              "state": "passed",
              "speed": "fast",
              "pass": true,
              "fail": false,
              "pending": false,
              "context": null,
              "code": "const state = window.testState;\nreturn cy\n  .then(() => state.onStartScenario(scenario, indexedSteps))\n  .then(() =>\n    resolveAndRunBeforeHooks.call(this, scenario.tags, state.feature.name)\n  )\n  .then(() =>\n    indexedSteps.forEach((step) =>\n      stepTest.call(this, state, step, rowData)\n    )\n  )\n  .then(() => state.onFinishScenario(scenario));",
              "err": {},
              "uuid": "ff5d4e14-69e0-45ce-9216-70d8b3cdd21f",
              "parentUUID": "a72ad3e7-544b-45fe-972c-45e533b747bd",
              "isHook": false,
              "skipped": false
            }
          ],
          "suites": [],
          "passes": [
            "ff5d4e14-69e0-45ce-9216-70d8b3cdd21f"
          ],
          "failures": [],
          "pending": [],
          "skipped": [],
          "duration": 3937,
          "root": false,
          "rootEmpty": false,
          "_timeout": 2000
        }
      ],
      "passes": [],
      "failures": [],
      "pending": [],
      "skipped": [],
      "duration": 0,
      "root": true,
      "rootEmpty": true,
      "_timeout": 2000
    }
  ],
  "meta": {
    "mocha": {
      "version": "7.0.1"
    },
    "mochawesome": {
      "options": {
        "quiet": false,
        "reportFilename": "mochawesome",
        "saveHtml": true,
        "saveJson": true,
        "consoleReporter": "spec",
        "useInlineDiffs": false,
        "code": true
      },
      "version": "7.1.3"
    },
    "marge": {
      "options": {
        "reportDir": "cypress/reports",
        "overwrite": false,
        "html": true,
        "json": true
      },
      "version": "6.2.0"
    }
  }
}