{
  "stats": {
    "suites": 1,
    "tests": 1,
    "passes": 1,
    "pending": 0,
    "failures": 0,
    "start": "2025-03-28T11:11:26.147Z",
    "end": "2025-03-28T11:11:29.653Z",
    "duration": 3506,
    "testsRegistered": 1,
    "passPercent": 100,
    "pendingPercent": 0,
    "other": 0,
    "hasOther": false,
    "skipped": 0,
    "hasSkipped": false
  },
  "results": [
    {
      "uuid": "9b5155bf-dbc3-4f85-a0cb-efd0f9d50c56",
      "title": "",
      "fullFile": "cypress\\e2e\\step_definitions\\checkout.feature",
      "file": "cypress\\e2e\\step_definitions\\checkout.feature",
      "beforeHooks": [],
      "afterHooks": [],
      "tests": [],
      "suites": [
        {
          "uuid": "f575e584-a2b8-4923-8dcc-b902bb379035",
          "title": "Finalizar compra no e-commerce",
          "fullFile": "",
          "file": "",
          "beforeHooks": [],
          "afterHooks": [],
          "tests": [
            {
              "title": "Usuário realiza um checkout completo",
              "fullTitle": "Finalizar compra no e-commerce Usuário realiza um checkout completo",
              "timedOut": null,
              "duration": 3460,
              "state": "passed",
              "speed": "fast",
              "pass": true,
              "fail": false,
              "pending": false,
              "context": null,
              "code": "const state = window.testState;\nreturn cy\n  .then(() => state.onStartScenario(scenario, indexedSteps))\n  .then(() =>\n    resolveAndRunBeforeHooks.call(this, scenario.tags, state.feature.name)\n  )\n  .then(() =>\n    indexedSteps.forEach((step) =>\n      stepTest.call(this, state, step, rowData)\n    )\n  )\n  .then(() => state.onFinishScenario(scenario));",
              "err": {},
              "uuid": "50232267-0030-41fb-b4e6-bceb50d0e329",
              "parentUUID": "f575e584-a2b8-4923-8dcc-b902bb379035",
              "isHook": false,
              "skipped": false
            }
          ],
          "suites": [],
          "passes": [
            "50232267-0030-41fb-b4e6-bceb50d0e329"
          ],
          "failures": [],
          "pending": [],
          "skipped": [],
          "duration": 3460,
          "root": false,
          "rootEmpty": false,
          "_timeout": 2000
        }
      ],
      "passes": [],
      "failures": [],
      "pending": [],
      "skipped": [],
      "duration": 0,
      "root": true,
      "rootEmpty": true,
      "_timeout": 2000
    }
  ],
  "meta": {
    "mocha": {
      "version": "7.0.1"
    },
    "mochawesome": {
      "options": {
        "quiet": false,
        "reportFilename": "mochawesome",
        "saveHtml": true,
        "saveJson": true,
        "consoleReporter": "spec",
        "useInlineDiffs": false,
        "code": true
      },
      "version": "7.1.3"
    },
    "marge": {
      "options": {
        "reportDir": "cypress/reports",
        "overwrite": false,
        "html": true,
        "json": true
      },
      "version": "6.2.0"
    }
  }
}