{
  "stats": {
    "suites": 1,
    "tests": 1,
    "passes": 0,
    "pending": 0,
    "failures": 1,
    "start": "2025-03-28T11:02:13.432Z",
    "end": "2025-03-28T11:02:13.806Z",
    "duration": 374,
    "testsRegistered": 1,
    "passPercent": 0,
    "pendingPercent": 0,
    "other": 0,
    "hasOther": false,
    "skipped": 0,
    "hasSkipped": false
  },
  "results": [
    {
      "uuid": "05112e1c-314a-4737-8465-d14d10d4ee0e",
      "title": "",
      "fullFile": "cypress\\e2e\\step_definitions\\login.feature",
      "file": "cypress\\e2e\\step_definitions\\login.feature",
      "beforeHooks": [],
      "afterHooks": [],
      "tests": [],
      "suites": [
        {
          "uuid": "755b06da-c81c-4621-94e8-515e3b5e09a6",
          "title": "Login e Carrinho",
          "fullFile": "",
          "file": "",
          "beforeHooks": [],
          "afterHooks": [],
          "tests": [
            {
              "title": "Acessar o carrinho após login bem-sucedido",
              "fullTitle": "Login e Carrinho Acessar o carrinho após login bem-sucedido",
              "timedOut": null,
              "duration": 335,
              "state": "failed",
              "speed": null,
              "pass": false,
              "fail": true,
              "pending": false,
              "context": null,
              "code": "const state = window.testState;\nreturn cy\n  .then(() => state.onStartScenario(scenario, indexedSteps))\n  .then(() =>\n    resolveAndRunBeforeHooks.call(this, scenario.tags, state.feature.name)\n  )\n  .then(() =>\n    indexedSteps.forEach((step) =>\n      stepTest.call(this, state, step, rowData)\n    )\n  )\n  .then(() => state.onFinishScenario(scenario));",
              "err": {
                "message": "TypeError: _LoginPage.default.verificarLogo is not a function",
                "estack": "TypeError: _LoginPage.default.verificarLogo is not a function\n    at Context.eval (cypress/e2e/step_definitions/login/login.js:7:12)\n    at Context.resolveAndRunStepDefinition (node_modules/cypress-cucumber-preprocessor/lib/resolveStepDefinition.js:193:0)\n    at Context.eval (node_modules/cypress-cucumber-preprocessor/lib/createTestFromScenario.js:27:0)\n    at getRet (https://www.saucedemo.com/__cypress/runner/cypress_runner.js:119371:20)\n    at tryCatcher (https://www.saucedemo.com/__cypress/runner/cypress_runner.js:1777:23)\n    at Promise.attempt.Promise.try (https://www.saucedemo.com/__cypress/runner/cypress_runner.js:4285:29)\n    at Context.thenFn (https://www.saucedemo.com/__cypress/runner/cypress_runner.js:119382:66)\n    at Context.then (https://www.saucedemo.com/__cypress/runner/cypress_runner.js:119633:21)\n    at wrapped (https://www.saucedemo.com/__cypress/runner/cypress_runner.js:139910:19)",
                "diff": null
              },
              "uuid": "3b31838a-2d49-4f1b-bb51-682acbf6ef58",
              "parentUUID": "755b06da-c81c-4621-94e8-515e3b5e09a6",
              "isHook": false,
              "skipped": false
            }
          ],
          "suites": [],
          "passes": [],
          "failures": [
            "3b31838a-2d49-4f1b-bb51-682acbf6ef58"
          ],
          "pending": [],
          "skipped": [],
          "duration": 335,
          "root": false,
          "rootEmpty": false,
          "_timeout": 2000
        }
      ],
      "passes": [],
      "failures": [],
      "pending": [],
      "skipped": [],
      "duration": 0,
      "root": true,
      "rootEmpty": true,
      "_timeout": 2000
    }
  ],
  "meta": {
    "mocha": {
      "version": "7.0.1"
    },
    "mochawesome": {
      "options": {
        "quiet": false,
        "reportFilename": "mochawesome",
        "saveHtml": true,
        "saveJson": true,
        "consoleReporter": "spec",
        "useInlineDiffs": false,
        "code": true
      },
      "version": "7.1.3"
    },
    "marge": {
      "options": {
        "reportDir": "cypress/reports",
        "overwrite": false,
        "html": true,
        "json": true
      },
      "version": "6.2.0"
    }
  }
}